<?xml version="1.0" encoding="UTF-8"?>
<TestRun id="46c3f302-91ff-4904-a710-091905dd26e6" name="Administrator@WIN-UJ2F0VHAS36 2013-05-16 12:50:48" runUser="WIN-UJ2F0VHAS36\Administrator" xmlns="http://microsoft.com/schemas/VisualStudio/TeamTest/2010">
  <TestSettings name="Local" id="31046817-227f-4161-9a97-5d34efa999fb">
    <Description>These are default test settings for a local test run.</Description>
    <Deployment enabled="false" runDeploymentRoot="Administrator_WIN-UJ2F0VHAS36 2013-05-16 12_50_48">
      <DeploymentItem filename="C:\Users\Administrator\Documents\Visual Studio 2010\Projects\Blog\packages\DbTestHelpers\TDD.DbTestHelpers.dll" />
      <DeploymentItem filename="C:\Users\Administrator\Documents\Visual Studio 2010\Projects\Blog\packages\DbTestHelpers\YamlDotNet.Core.dll" />
      <DeploymentItem filename="C:\Users\Administrator\Documents\Visual Studio 2010\Projects\Blog\packages\DbTestHelpers\YamlDotNet.RepresentationModel.dll" />
      <DeploymentItem filename="C:\Users\Administrator\Documents\Visual Studio 2010\Projects\Blog\packages\EntityFramework.5.0.0\lib\net40\EntityFramework.dll" />
      <DeploymentItem filename="C:\Users\Administrator\Documents\Visual Studio 2010\Projects\Blog\Blog.DAL\bin\Debug\Blog.DAL.dll" />
    </Deployment>
    <Execution>
      <TestTypeSpecific />
      <AgentRule name="Execution Agents">
      </AgentRule>
    </Execution>
  </TestSettings>
  <Times creation="2013-05-16T12:50:48.1837799+02:00" queuing="2013-05-16T12:50:48.1925117+02:00" start="2013-05-16T12:50:48.1973627+02:00" finish="2013-05-16T12:50:49.2163635+02:00" />
  <ResultSummary outcome="Failed">
    <Counters total="1" executed="1" error="0" failed="1" timeout="0" aborted="0" inconclusive="0" passedButRunAborted="0" notRunnable="0" notExecuted="0" disconnected="0" warning="0" passed="0" completed="0" inProgress="0" pending="0" />
  </ResultSummary>
  <TestDefinitions>
    <UnitTest name="GetAllPost_OnePostInDb_ReturnOnePost" storage="c:\users\administrator\documents\visual studio 2010\projects\blog\blog.dal.tests\bin\debug\blog.dal.tests.dll" id="8eb3fc89-a933-3141-9fc4-10d31ead6588">
      <Execution id="1d8bb2e0-043c-4d9e-aaaa-89cc1aa91f57" />
      <TestMethod codeBase="C:/Users/Administrator/Documents/Visual Studio 2010/Projects/Blog/Blog.DAL.Tests/bin/Debug/Blog.DAL.Tests.DLL" adapterTypeName="Microsoft.VisualStudio.TestTools.TestTypes.Unit.UnitTestAdapter, Microsoft.VisualStudio.QualityTools.Tips.UnitTest.Adapter, Version=10.0.0.0, Culture=neutral, PublicKeyToken=b03f5f7f11d50a3a" className="Blog.DAL.Tests.RepositoryTests, Blog.DAL.Tests, Version=1.0.0.0, Culture=neutral, PublicKeyToken=null" name="GetAllPost_OnePostInDb_ReturnOnePost" />
    </UnitTest>
  </TestDefinitions>
  <TestLists>
    <TestList name="Results Not in a List" id="8c84fa94-04c1-424b-9868-57a2d4851a1d" />
    <TestList name="All Loaded Results" id="19431567-8539-422a-85d7-44ee4e166bda" />
  </TestLists>
  <TestEntries>
    <TestEntry testId="8eb3fc89-a933-3141-9fc4-10d31ead6588" executionId="1d8bb2e0-043c-4d9e-aaaa-89cc1aa91f57" testListId="8c84fa94-04c1-424b-9868-57a2d4851a1d" />
  </TestEntries>
  <Results>
    <UnitTestResult executionId="1d8bb2e0-043c-4d9e-aaaa-89cc1aa91f57" testId="8eb3fc89-a933-3141-9fc4-10d31ead6588" testName="GetAllPost_OnePostInDb_ReturnOnePost" computerName="WIN-UJ2F0VHAS36" duration="00:00:00.8853485" startTime="2013-05-16T12:50:48.1993031+02:00" endTime="2013-05-16T12:50:49.2015197+02:00" testType="13cdc9d9-ddb5-4fa4-a97d-d965ccfc6d4b" outcome="Failed" testListId="8c84fa94-04c1-424b-9868-57a2d4851a1d" relativeResultsDirectory="1d8bb2e0-043c-4d9e-aaaa-89cc1aa91f57">
      <Output>
        <DebugTrace>Constr
SetUp
Applying fixtures
C:\Users\Administrator\Documents\Visual Studio 2010\Projects\Blog\Blog.DAL.Tests\bin\Debug\Fixtures\posts.yml
</DebugTrace>
        <ErrorInfo>
          <Message>Initialization method Blog.DAL.Tests.RepositoryTests.BaseSetUp threw exception. System.Exception: System.Exception: Cannot deserialize YAML file. See inner exception. ---&gt; System.Exception: Specified file posts.yml does not exist in specifiled folder Fixtures. Full path: C:\Users\Administrator\Documents\Visual Studio 2010\Projects\Blog\Blog.DAL.Tests\bin\Debug\Fixtures\posts.yml..</Message>
          <StackTrace>    at TDD.DbTestHelpers.Helpers.FileHelper.GetAllYamlConfiguration(IEnumerable`1 yamlFilesNames, String yamlFolderName) in E:\Studia\_Asystentura\6.sem_letni_2012-2013\SAB\lab\TeamCity\TDD.Blog-master\TDD.DbTestHelpers\Helpers\FileHelper.cs:line 87
   at TDD.DbTestHelpers.Helpers.FileHelper.GetFixutresFromYaml(Type fixtureType, String yamlFolderName, IEnumerable`1 yamlFullFilesNames) in E:\Studia\_Asystentura\6.sem_letni_2012-2013\SAB\lab\TeamCity\TDD.Blog-master\TDD.DbTestHelpers\Helpers\FileHelper.cs:line 69
 --- End of inner exception stack trace ---
    at TDD.DbTestHelpers.Helpers.FileHelper.GetFixutresFromYaml(Type fixtureType, String yamlFolderName, IEnumerable`1 yamlFullFilesNames) in E:\Studia\_Asystentura\6.sem_letni_2012-2013\SAB\lab\TeamCity\TDD.Blog-master\TDD.DbTestHelpers\Helpers\FileHelper.cs:line 73
   at TDD.DbTestHelpers.Helpers.FileHelper.FillFixturesFileFiles(Type fixtureType, DbContext context, String yamlFolderName, IEnumerable`1 yamlFullFilesNames) in E:\Studia\_Asystentura\6.sem_letni_2012-2013\SAB\lab\TeamCity\TDD.Blog-master\TDD.DbTestHelpers\Helpers\FileHelper.cs:line 42
   at TDD.DbTestHelpers.Helpers.FileHelper.FillFixturesFileFiles[TFixtureType](DbContext context, String yamlFolderName, IEnumerable`1 yamlFilesNames) in E:\Studia\_Asystentura\6.sem_letni_2012-2013\SAB\lab\TeamCity\TDD.Blog-master\TDD.DbTestHelpers\Helpers\FileHelper.cs:line 37
   at TDD.DbTestHelpers.Yaml.YamlDbFixture`2.FillFixtures() in E:\Studia\_Asystentura\6.sem_letni_2012-2013\SAB\lab\TeamCity\TDD.Blog-master\TDD.DbTestHelpers\Yaml\YamlDbFixture.cs:line 38
   at TDD.DbTestHelpers.Core.DbBaseTest`1.ApplyFixtures() in E:\Studia\_Asystentura\6.sem_letni_2012-2013\SAB\lab\TeamCity\TDD.Blog-master\TDD.DbTestHelpers\Core\DbBaseTest.cs:line 45
   at TDD.DbTestHelpers.Core.DbBaseTest`1.BaseSetUp() in E:\Studia\_Asystentura\6.sem_letni_2012-2013\SAB\lab\TeamCity\TDD.Blog-master\TDD.DbTestHelpers\Core\DbBaseTest.cs:line 23
</StackTrace>
        </ErrorInfo>
      </Output>
    </UnitTestResult>
  </Results>
</TestRun>