<?xml version="1.0" encoding="UTF-8"?>
<TestRun id="9c641087-1aa0-47da-b0e1-e180bb68a3f4" name="Administrator@WIN-UJ2F0VHAS36 2013-05-16 13:00:03" runUser="WIN-UJ2F0VHAS36\Administrator" xmlns="http://microsoft.com/schemas/VisualStudio/TeamTest/2010">
  <TestSettings name="Local" id="31046817-227f-4161-9a97-5d34efa999fb">
    <Description>These are default test settings for a local test run.</Description>
    <Deployment enabled="false" runDeploymentRoot="Administrator_WIN-UJ2F0VHAS36 2013-05-16 13_00_03">
      <DeploymentItem filename="C:\Users\Administrator\Documents\Visual Studio 2010\Projects\Blog\packages\DbTestHelpers\TDD.DbTestHelpers.dll" />
      <DeploymentItem filename="C:\Users\Administrator\Documents\Visual Studio 2010\Projects\Blog\packages\DbTestHelpers\YamlDotNet.Core.dll" />
      <DeploymentItem filename="C:\Users\Administrator\Documents\Visual Studio 2010\Projects\Blog\packages\DbTestHelpers\YamlDotNet.RepresentationModel.dll" />
      <DeploymentItem filename="C:\Users\Administrator\Documents\Visual Studio 2010\Projects\Blog\packages\EntityFramework.5.0.0\lib\net40\EntityFramework.dll" />
      <DeploymentItem filename="C:\Users\Administrator\Documents\Visual Studio 2010\Projects\Blog\Blog.DAL\bin\Debug\Blog.DAL.dll" />
    </Deployment>
    <Execution>
      <TestTypeSpecific />
      <AgentRule name="Execution Agents">
      </AgentRule>
    </Execution>
  </TestSettings>
  <Times creation="2013-05-16T13:00:03.9695799+02:00" queuing="2013-05-16T13:00:03.9783690+02:00" start="2013-05-16T13:00:03.9832518+02:00" finish="2013-05-16T13:00:04.9285643+02:00" />
  <ResultSummary outcome="Completed">
    <Counters total="1" executed="1" passed="1" error="0" failed="0" timeout="0" aborted="0" inconclusive="0" passedButRunAborted="0" notRunnable="0" notExecuted="0" disconnected="0" warning="0" completed="0" inProgress="0" pending="0" />
  </ResultSummary>
  <TestDefinitions>
    <UnitTest name="AddPost_OnePostInDb_ReturnCorrectNumberOfPosts" storage="c:\users\administrator\documents\visual studio 2010\projects\blog\blog.dal.tests\bin\debug\blog.dal.tests.dll" id="a35c9170-4315-2bdb-070d-13a3313fa7f3">
      <Execution id="7e73d143-e15c-41ab-908a-28546347b4e1" />
      <TestMethod codeBase="C:/Users/Administrator/Documents/Visual Studio 2010/Projects/Blog/Blog.DAL.Tests/bin/Debug/Blog.DAL.Tests.DLL" adapterTypeName="Microsoft.VisualStudio.TestTools.TestTypes.Unit.UnitTestAdapter, Microsoft.VisualStudio.QualityTools.Tips.UnitTest.Adapter, Version=10.0.0.0, Culture=neutral, PublicKeyToken=b03f5f7f11d50a3a" className="Blog.DAL.Tests.RepositoryTests, Blog.DAL.Tests, Version=1.0.0.0, Culture=neutral, PublicKeyToken=null" name="AddPost_OnePostInDb_ReturnCorrectNumberOfPosts" />
    </UnitTest>
  </TestDefinitions>
  <TestLists>
    <TestList name="Results Not in a List" id="8c84fa94-04c1-424b-9868-57a2d4851a1d" />
    <TestList name="All Loaded Results" id="19431567-8539-422a-85d7-44ee4e166bda" />
  </TestLists>
  <TestEntries>
    <TestEntry testId="a35c9170-4315-2bdb-070d-13a3313fa7f3" executionId="7e73d143-e15c-41ab-908a-28546347b4e1" testListId="8c84fa94-04c1-424b-9868-57a2d4851a1d" />
  </TestEntries>
  <Results>
    <UnitTestResult executionId="7e73d143-e15c-41ab-908a-28546347b4e1" testId="a35c9170-4315-2bdb-070d-13a3313fa7f3" testName="AddPost_OnePostInDb_ReturnCorrectNumberOfPosts" computerName="WIN-UJ2F0VHAS36" duration="00:00:00.8014320" startTime="2013-05-16T13:00:03.9852049+02:00" endTime="2013-05-16T13:00:04.9109862+02:00" testType="13cdc9d9-ddb5-4fa4-a97d-d965ccfc6d4b" outcome="Passed" testListId="8c84fa94-04c1-424b-9868-57a2d4851a1d" relativeResultsDirectory="7e73d143-e15c-41ab-908a-28546347b4e1">
      <Output>
        <DebugTrace>Constr
SetUp
Applying fixtures
C:\Users\Administrator\Documents\Visual Studio 2010\Projects\Blog\Blog.DAL.Tests\bin\Debug\Fixtures\posts.yml
FixtureSetUp
</DebugTrace>
      </Output>
    </UnitTestResult>
  </Results>
</TestRun>