<?xml version="1.0" encoding="UTF-8"?>
<TestRun id="c2c2d554-bb8b-4b68-b284-9b2b70d54627" name="Administrator@WIN-UJ2F0VHAS36 2013-05-16 13:07:12" runUser="WIN-UJ2F0VHAS36\Administrator" xmlns="http://microsoft.com/schemas/VisualStudio/TeamTest/2010">
  <TestSettings name="Local" id="31046817-227f-4161-9a97-5d34efa999fb">
    <Description>These are default test settings for a local test run.</Description>
    <Deployment enabled="false" runDeploymentRoot="Administrator_WIN-UJ2F0VHAS36 2013-05-16 13_07_12">
      <DeploymentItem filename="C:\Users\Administrator\Documents\Visual Studio 2010\Projects\Blog\packages\DbTestHelpers\TDD.DbTestHelpers.dll" />
      <DeploymentItem filename="C:\Users\Administrator\Documents\Visual Studio 2010\Projects\Blog\packages\DbTestHelpers\YamlDotNet.Core.dll" />
      <DeploymentItem filename="C:\Users\Administrator\Documents\Visual Studio 2010\Projects\Blog\packages\DbTestHelpers\YamlDotNet.RepresentationModel.dll" />
      <DeploymentItem filename="C:\Users\Administrator\Documents\Visual Studio 2010\Projects\Blog\packages\EntityFramework.5.0.0\lib\net40\EntityFramework.dll" />
      <DeploymentItem filename="C:\Users\Administrator\Documents\Visual Studio 2010\Projects\Blog\Blog.DAL\bin\Debug\Blog.DAL.dll" />
    </Deployment>
    <Execution>
      <TestTypeSpecific />
      <AgentRule name="Execution Agents">
      </AgentRule>
    </Execution>
  </TestSettings>
  <Times creation="2013-05-16T13:07:12.1744958+02:00" queuing="2013-05-16T13:07:12.1850238+02:00" start="2013-05-16T13:07:12.1902878+02:00" finish="2013-05-16T13:07:13.2567742+02:00" />
  <ResultSummary outcome="Failed">
    <Counters total="1" executed="1" error="0" failed="1" timeout="0" aborted="0" inconclusive="0" passedButRunAborted="0" notRunnable="0" notExecuted="0" disconnected="0" warning="0" passed="0" completed="0" inProgress="0" pending="0" />
  </ResultSummary>
  <TestDefinitions>
    <UnitTest name="AddPost_WithoutRequiredData_ThrowsException" storage="c:\users\administrator\documents\visual studio 2010\projects\blog\blog.dal.tests\bin\debug\blog.dal.tests.dll" id="17028b1a-75d6-659c-d883-1bce7980463b">
      <Execution id="77d20dee-03be-4673-a7e7-44789ca2d5fb" />
      <TestMethod codeBase="C:/Users/Administrator/Documents/Visual Studio 2010/Projects/Blog/Blog.DAL.Tests/bin/Debug/Blog.DAL.Tests.DLL" adapterTypeName="Microsoft.VisualStudio.TestTools.TestTypes.Unit.UnitTestAdapter, Microsoft.VisualStudio.QualityTools.Tips.UnitTest.Adapter, Version=10.0.0.0, Culture=neutral, PublicKeyToken=b03f5f7f11d50a3a" className="Blog.DAL.Tests.RepositoryTests, Blog.DAL.Tests, Version=1.0.0.0, Culture=neutral, PublicKeyToken=null" name="AddPost_WithoutRequiredData_ThrowsException" />
    </UnitTest>
  </TestDefinitions>
  <TestLists>
    <TestList name="Results Not in a List" id="8c84fa94-04c1-424b-9868-57a2d4851a1d" />
    <TestList name="All Loaded Results" id="19431567-8539-422a-85d7-44ee4e166bda" />
  </TestLists>
  <TestEntries>
    <TestEntry testId="17028b1a-75d6-659c-d883-1bce7980463b" executionId="77d20dee-03be-4673-a7e7-44789ca2d5fb" testListId="8c84fa94-04c1-424b-9868-57a2d4851a1d" />
  </TestEntries>
  <Results>
    <UnitTestResult executionId="77d20dee-03be-4673-a7e7-44789ca2d5fb" testId="17028b1a-75d6-659c-d883-1bce7980463b" testName="AddPost_WithoutRequiredData_ThrowsException" computerName="WIN-UJ2F0VHAS36" duration="00:00:00.8065584" startTime="2013-05-16T13:07:12.1923934+02:00" endTime="2013-05-16T13:07:13.1936062+02:00" testType="13cdc9d9-ddb5-4fa4-a97d-d965ccfc6d4b" outcome="Failed" testListId="8c84fa94-04c1-424b-9868-57a2d4851a1d" relativeResultsDirectory="77d20dee-03be-4673-a7e7-44789ca2d5fb">
      <Output>
        <DebugTrace>Constr
SetUp
Applying fixtures
C:\Users\Administrator\Documents\Visual Studio 2010\Projects\Blog\Blog.DAL.Tests\bin\Debug\Fixtures\posts.yml
FixtureSetUp
</DebugTrace>
        <ErrorInfo>
          <Message>Test method Blog.DAL.Tests.RepositoryTests.AddPost_WithoutRequiredData_ThrowsException did not throw expected exception System.ArgumentException.</Message>
        </ErrorInfo>
      </Output>
    </UnitTestResult>
  </Results>
</TestRun>